2023-11-24T14:45:23.616+01:00  INFO 26576 --- [main] c.s.a.SafetyNetAlertsApplication         : Starting SafetyNetAlertsApplication using Java 17.0.7 with PID 26576 (C:\Users\marie\Documents\Projet-Eclipse-Java-Projets-OC\leperlier-marie-lourdes-API-SpringBoot-P5\target\classes started by marie in C:\Users\marie\Documents\Projet-Eclipse-Java-Projets-OC\leperlier-marie-lourdes-API-SpringBoot-P5)
2023-11-24T14:45:23.625+01:00 DEBUG 26576 --- [main] c.s.a.SafetyNetAlertsApplication         : Running with Spring Boot v3.1.6, Spring v6.0.14
2023-11-24T14:45:23.626+01:00  INFO 26576 --- [main] c.s.a.SafetyNetAlertsApplication         : No active profile set, falling back to 1 default profile: "default"
2023-11-24T14:45:24.825+01:00  INFO 26576 --- [main] o.s.b.w.e.t.TomcatWebServer              : Tomcat initialized with port(s): 8080 (http)
2023-11-24T14:45:24.917+01:00  INFO 26576 --- [main] w.s.c.ServletWebServerApplicationContext : Root WebApplicationContext: initialization completed in 1238 ms
2023-11-24T14:45:25.813+01:00  INFO 26576 --- [main] o.s.b.w.e.t.TomcatWebServer              : Tomcat started on port(s): 8080 (http) with context path ''
2023-11-24T14:45:25.826+01:00  INFO 26576 --- [main] c.s.a.SafetyNetAlertsApplication         : Started SafetyNetAlertsApplication in 2.631 seconds (process running for 3.358)
2023-11-24T14:45:25.836+01:00 DEBUG 26576 --- [main] c.s.a.r.IDatasFileReader                 : Reading datas persons from file json
2023-11-24T14:45:25.845+01:00 DEBUG 26576 --- [main] c.s.a.r.IDatasFileReader                 : Parsing data Json  persons
2023-11-24T14:45:25.855+01:00 DEBUG 26576 --- [main] c.s.a.r.IDatasFileReader                 : Datas persons read and parsed from file json
2023-11-24T14:45:25.856+01:00 DEBUG 26576 --- [main] c.s.a.r.IDatasFileReader                 : All datas Json  persons  from file json : [{firstName="John", lastName="Boyd", address="1509 Culver St", city="Culver", zip="97451", phone="841-874-6512", email="jaboyd@email.com"}, {firstName="Jacob", lastName="Boyd", address="1509 Culver St", city="Culver", zip="97451", phone="841-874-6513", email="drk@email.com"}, {firstName="Tenley", lastName="Boyd", address="1509 Culver St", city="Culver", zip="97451", phone="841-874-6512", email="tenz@email.com"}, {firstName="Roger", lastName="Boyd", address="1509 Culver St", city="Culver", zip="97451", phone="841-874-6512", email="jaboyd@email.com"}, {firstName="Felicia", lastName="Boyd", address="1509 Culver St", city="Culver", zip="97451", phone="841-874-6544", email="jaboyd@email.com"}, {firstName="Jonanathan", lastName="Marrack", address="29 15th St", city="Culver", zip="97451", phone="841-874-6513", email="drk@email.com"}, {firstName="Tessa", lastName="Carman", address="834 Binoc Ave", city="Culver", zip="97451", phone="841-874-6512", email="tenz@email.com"}, {firstName="Peter", lastName="Duncan", address="644 Gershwin Cir", city="Culver", zip="97451", phone="841-874-6512", email="jaboyd@email.com"}, {firstName="Foster", lastName="Shepard", address="748 Townings Dr", city="Culver", zip="97451", phone="841-874-6544", email="jaboyd@email.com"}, {firstName="Tony", lastName="Cooper", address="112 Steppes Pl", city="Culver", zip="97451", phone="841-874-6874", email="tcoop@ymail.com"}, {firstName="Lily", lastName="Cooper", address="489 Manchester St", city="Culver", zip="97451", phone="841-874-9845", email="lily@email.com"}, {firstName="Sophia", lastName="Zemicks", address="892 Downing Ct", city="Culver", zip="97451", phone="841-874-7878", email="soph@email.com"}, {firstName="Warren", lastName="Zemicks", address="892 Downing Ct", city="Culver", zip="97451", phone="841-874-7512", email="ward@email.com"}, {firstName="Zach", lastName="Zemicks", address="892 Downing Ct", city="Culver", zip="97451", phone="841-874-7512", email="zarc@email.com"}, {firstName="Reginold", lastName="Walker", address="908 73rd St", city="Culver", zip="97451", phone="841-874-8547", email="reg@email.com"}, {firstName="Jamie", lastName="Peters", address="908 73rd St", city="Culver", zip="97451", phone="841-874-7462", email="jpeter@email.com"}, {firstName="Ron", lastName="Peters", address="112 Steppes Pl", city="Culver", zip="97451", phone="841-874-8888", email="jpeter@email.com"}, {firstName="Allison", lastName="Boyd", address="112 Steppes Pl", city="Culver", zip="97451", phone="841-874-9888", email="aly@imail.com"}, {firstName="Brian", lastName="Stelzer", address="947 E. Rose Dr", city="Culver", zip="97451", phone="841-874-7784", email="bstel@email.com"}, {firstName="Shawna", lastName="Stelzer", address="947 E. Rose Dr", city="Culver", zip="97451", phone="841-874-7784", email="ssanw@email.com"}, {firstName="Kendrik", lastName="Stelzer", address="947 E. Rose Dr", city="Culver", zip="97451", phone="841-874-7784", email="bstel@email.com"}, {firstName="Clive", lastName="Ferguson", address="748 Townings Dr", city="Culver", zip="97451", phone="841-874-6741", email="clivfd@ymail.com"}, {firstName="Eric", lastName="Cadigan", address="951 LoneTree Rd", city="Culver", zip="97451", phone="841-874-7458", email="gramps@email.com"}]
2023-11-24T14:45:25.858+01:00 DEBUG 26576 --- [main] c.s.a.r.IDatasFileReader                 : Datas persons successfully read from file json
2023-11-24T14:45:25.859+01:00 DEBUG 26576 --- [main] c.s.a.r.ReadPersonDataFromFileImpl       : List of persons parsed from Json [Person{id:null, first name:'John', last name:Boyd, address:1509 Culver St, zip:97451, city:Culver, phone:841-874-6512, email:jaboyd@email.com}, Person{id:null, first name:'Jacob', last name:Boyd, address:1509 Culver St, zip:97451, city:Culver, phone:841-874-6513, email:drk@email.com}, Person{id:null, first name:'Tenley', last name:Boyd, address:1509 Culver St, zip:97451, city:Culver, phone:841-874-6512, email:tenz@email.com}, Person{id:null, first name:'Roger', last name:Boyd, address:1509 Culver St, zip:97451, city:Culver, phone:841-874-6512, email:jaboyd@email.com}, Person{id:null, first name:'Felicia', last name:Boyd, address:1509 Culver St, zip:97451, city:Culver, phone:841-874-6544, email:jaboyd@email.com}, Person{id:null, first name:'Jonanathan', last name:Marrack, address:29 15th St, zip:97451, city:Culver, phone:841-874-6513, email:drk@email.com}, Person{id:null, first name:'Tessa', last name:Carman, address:834 Binoc Ave, zip:97451, city:Culver, phone:841-874-6512, email:tenz@email.com}, Person{id:null, first name:'Peter', last name:Duncan, address:644 Gershwin Cir, zip:97451, city:Culver, phone:841-874-6512, email:jaboyd@email.com}, Person{id:null, first name:'Foster', last name:Shepard, address:748 Townings Dr, zip:97451, city:Culver, phone:841-874-6544, email:jaboyd@email.com}, Person{id:null, first name:'Tony', last name:Cooper, address:112 Steppes Pl, zip:97451, city:Culver, phone:841-874-6874, email:tcoop@ymail.com}, Person{id:null, first name:'Lily', last name:Cooper, address:489 Manchester St, zip:97451, city:Culver, phone:841-874-9845, email:lily@email.com}, Person{id:null, first name:'Sophia', last name:Zemicks, address:892 Downing Ct, zip:97451, city:Culver, phone:841-874-7878, email:soph@email.com}, Person{id:null, first name:'Warren', last name:Zemicks, address:892 Downing Ct, zip:97451, city:Culver, phone:841-874-7512, email:ward@email.com}, Person{id:null, first name:'Zach', last name:Zemicks, address:892 Downing Ct, zip:97451, city:Culver, phone:841-874-7512, email:zarc@email.com}, Person{id:null, first name:'Reginold', last name:Walker, address:908 73rd St, zip:97451, city:Culver, phone:841-874-8547, email:reg@email.com}, Person{id:null, first name:'Jamie', last name:Peters, address:908 73rd St, zip:97451, city:Culver, phone:841-874-7462, email:jpeter@email.com}, Person{id:null, first name:'Ron', last name:Peters, address:112 Steppes Pl, zip:97451, city:Culver, phone:841-874-8888, email:jpeter@email.com}, Person{id:null, first name:'Allison', last name:Boyd, address:112 Steppes Pl, zip:97451, city:Culver, phone:841-874-9888, email:aly@imail.com}, Person{id:null, first name:'Brian', last name:Stelzer, address:947 E. Rose Dr, zip:97451, city:Culver, phone:841-874-7784, email:bstel@email.com}, Person{id:null, first name:'Shawna', last name:Stelzer, address:947 E. Rose Dr, zip:97451, city:Culver, phone:841-874-7784, email:ssanw@email.com}, Person{id:null, first name:'Kendrik', last name:Stelzer, address:947 E. Rose Dr, zip:97451, city:Culver, phone:841-874-7784, email:bstel@email.com}, Person{id:null, first name:'Clive', last name:Ferguson, address:748 Townings Dr, zip:97451, city:Culver, phone:841-874-6741, email:clivfd@ymail.com}, Person{id:null, first name:'Eric', last name:Cadigan, address:951 LoneTree Rd, zip:97451, city:Culver, phone:841-874-7458, email:gramps@email.com}]
2023-11-24T14:45:25.860+01:00 DEBUG 26576 --- [main] c.s.a.c.JsonDataLoader                   : All datas persons load from file
2023-11-24T14:45:25.860+01:00 DEBUG 26576 --- [main] c.s.a.r.IDatasFileReader                 : Reading datas firestations from file json
2023-11-24T14:45:25.860+01:00 DEBUG 26576 --- [main] c.s.a.r.IDatasFileReader                 : Parsing data Json  firestations
2023-11-24T14:45:25.861+01:00 DEBUG 26576 --- [main] c.s.a.r.IDatasFileReader                 : Datas firestations read and parsed from file json
2023-11-24T14:45:25.861+01:00 DEBUG 26576 --- [main] c.s.a.r.IDatasFileReader                 : All datas Json  firestations  from file json : [{address="1509 Culver St", station="3"}, {address="29 15th St", station="2"}, {address="834 Binoc Ave", station="3"}, {address="644 Gershwin Cir", station="1"}, {address="748 Townings Dr", station="3"}, {address="112 Steppes Pl", station="3"}, {address="489 Manchester St", station="4"}, {address="892 Downing Ct", station="2"}, {address="908 73rd St", station="1"}, {address="112 Steppes Pl", station="4"}, {address="947 E. Rose Dr", station="1"}, {address="748 Townings Dr", station="3"}, {address="951 LoneTree Rd", station="2"}]
2023-11-24T14:45:25.862+01:00 DEBUG 26576 --- [main] c.s.a.r.IDatasFileReader                 : Datas firestations successfully read from file json
2023-11-24T14:45:25.862+01:00 DEBUG 26576 --- [main] c.s.a.r.ReadFireStationDataFromFileImpl  : List of firestations parsed from Json [FireStation{id:null, stationnumber:'3', address:1509 Culver St}, FireStation{id:null, stationnumber:'2', address:29 15th St}, FireStation{id:null, stationnumber:'3', address:834 Binoc Ave}, FireStation{id:null, stationnumber:'1', address:644 Gershwin Cir}, FireStation{id:null, stationnumber:'3', address:748 Townings Dr}, FireStation{id:null, stationnumber:'3', address:112 Steppes Pl}, FireStation{id:null, stationnumber:'4', address:489 Manchester St}, FireStation{id:null, stationnumber:'2', address:892 Downing Ct}, FireStation{id:null, stationnumber:'1', address:908 73rd St}, FireStation{id:null, stationnumber:'4', address:112 Steppes Pl}, FireStation{id:null, stationnumber:'1', address:947 E. Rose Dr}, FireStation{id:null, stationnumber:'3', address:748 Townings Dr}, FireStation{id:null, stationnumber:'2', address:951 LoneTree Rd}]
2023-11-24T14:45:25.863+01:00 DEBUG 26576 --- [main] c.s.a.c.JsonDataLoader                   : All datas firestations load from file
2023-11-24T14:45:25.863+01:00 DEBUG 26576 --- [main] c.s.a.r.IDatasFileReader                 : Reading datas medicalrecords from file json
2023-11-24T14:45:25.864+01:00 DEBUG 26576 --- [main] c.s.a.r.IDatasFileReader                 : Parsing data Json  medicalrecords
2023-11-24T14:45:25.865+01:00 DEBUG 26576 --- [main] c.s.a.r.IDatasFileReader                 : Datas medicalrecords read and parsed from file json
2023-11-24T14:45:25.865+01:00 DEBUG 26576 --- [main] c.s.a.r.IDatasFileReader                 : All datas Json  medicalrecords  from file json : [{firstName="John", lastName="Boyd", birthdate="03/06/1984", medications=["aznol:350mg", "hydrapermazol:100mg"], allergies=["nillacilan"]}, {firstName="Jacob", lastName="Boyd", birthdate="03/06/1989", medications=["pharmacol:5000mg", "terazine:10mg", "noznazol:250mg"], allergies=[]}, {firstName="Tenley", lastName="Boyd", birthdate="02/18/2012", medications=[], allergies=["peanut"]}, {firstName="Roger", lastName="Boyd", birthdate="09/06/2017", medications=[], allergies=[]}, {firstName="Felicia", lastName="Boyd", birthdate="01/08/1986", medications=["tetracyclaz:650mg"], allergies=["xilliathal"]}, {firstName="Jonanathan", lastName="Marrack", birthdate="01/03/1989", medications=[], allergies=[]}, {firstName="Tessa", lastName="Carman", birthdate="02/18/2012", medications=[], allergies=[]}, {firstName="Peter", lastName="Duncan", birthdate="09/06/2000", medications=[], allergies=["shellfish"]}, {firstName="Foster", lastName="Shepard", birthdate="01/08/1980", medications=[], allergies=[]}, {firstName="Tony", lastName="Cooper", birthdate="03/06/1994", medications=["hydrapermazol:300mg", "dodoxadin:30mg"], allergies=["shellfish"]}, {firstName="Lily", lastName="Cooper", birthdate="03/06/1994", medications=[], allergies=[]}, {firstName="Sophia", lastName="Zemicks", birthdate="03/06/1988", medications=["aznol:60mg", "hydrapermazol:900mg", "pharmacol:5000mg", "terazine:500mg"], allergies=["peanut", "shellfish", "aznol"]}, {firstName="Warren", lastName="Zemicks", birthdate="03/06/1985", medications=[], allergies=[]}, {firstName="Zach", lastName="Zemicks", birthdate="03/06/2017", medications=[], allergies=[]}, {firstName="Reginold", lastName="Walker", birthdate="08/30/1979", medications=["thradox:700mg"], allergies=["illisoxian"]}, {firstName="Jamie", lastName="Peters", birthdate="03/06/1982", medications=[], allergies=[]}, {firstName="Ron", lastName="Peters", birthdate="04/06/1965", medications=[], allergies=[]}, {firstName="Allison", lastName="Boyd", birthdate="03/15/1965", medications=["aznol:200mg"], allergies=["nillacilan"]}, {firstName="Brian", lastName="Stelzer", birthdate="12/06/1975", medications=["ibupurin:200mg", "hydrapermazol:400mg"], allergies=["nillacilan"]}, {firstName="Shawna", lastName="Stelzer", birthdate="07/08/1980", medications=[], allergies=[]}, {firstName="Kendrik", lastName="Stelzer", birthdate="03/06/2014", medications=["noxidian:100mg", "pharmacol:2500mg"], allergies=[]}, {firstName="Clive", lastName="Ferguson", birthdate="03/06/1994", medications=[], allergies=[]}, {firstName="Eric", lastName="Cadigan", birthdate="08/06/1945", medications=["tradoxidine:400mg"], allergies=[]}]
2023-11-24T14:45:25.866+01:00 DEBUG 26576 --- [main] c.s.a.r.IDatasFileReader                 : Datas medicalrecords successfully read from file json
2023-11-24T14:45:25.867+01:00 DEBUG 26576 --- [main] .s.a.r.ReadMedicalRecordDataFromFileImpl : List of medical records parsed from Json [MedicalRecord{id:null, first name:'John', last name:Boyd, birthdate:03/06/1984, medication:["aznol:350mg", "hydrapermazol:100mg"], allergies:["nillacilan"]}, MedicalRecord{id:null, first name:'Jacob', last name:Boyd, birthdate:03/06/1989, medication:["pharmacol:5000mg", "terazine:10mg", "noznazol:250mg"], allergies:[]}, MedicalRecord{id:null, first name:'Tenley', last name:Boyd, birthdate:02/18/2012, medication:[], allergies:["peanut"]}, MedicalRecord{id:null, first name:'Roger', last name:Boyd, birthdate:09/06/2017, medication:[], allergies:[]}, MedicalRecord{id:null, first name:'Felicia', last name:Boyd, birthdate:01/08/1986, medication:["tetracyclaz:650mg"], allergies:["xilliathal"]}, MedicalRecord{id:null, first name:'Jonanathan', last name:Marrack, birthdate:01/03/1989, medication:[], allergies:[]}, MedicalRecord{id:null, first name:'Tessa', last name:Carman, birthdate:02/18/2012, medication:[], allergies:[]}, MedicalRecord{id:null, first name:'Peter', last name:Duncan, birthdate:09/06/2000, medication:[], allergies:["shellfish"]}, MedicalRecord{id:null, first name:'Foster', last name:Shepard, birthdate:01/08/1980, medication:[], allergies:[]}, MedicalRecord{id:null, first name:'Tony', last name:Cooper, birthdate:03/06/1994, medication:["hydrapermazol:300mg", "dodoxadin:30mg"], allergies:["shellfish"]}, MedicalRecord{id:null, first name:'Lily', last name:Cooper, birthdate:03/06/1994, medication:[], allergies:[]}, MedicalRecord{id:null, first name:'Sophia', last name:Zemicks, birthdate:03/06/1988, medication:["aznol:60mg", "hydrapermazol:900mg", "pharmacol:5000mg", "terazine:500mg"], allergies:["peanut", "shellfish", "aznol"]}, MedicalRecord{id:null, first name:'Warren', last name:Zemicks, birthdate:03/06/1985, medication:[], allergies:[]}, MedicalRecord{id:null, first name:'Zach', last name:Zemicks, birthdate:03/06/2017, medication:[], allergies:[]}, MedicalRecord{id:null, first name:'Reginold', last name:Walker, birthdate:08/30/1979, medication:["thradox:700mg"], allergies:["illisoxian"]}, MedicalRecord{id:null, first name:'Jamie', last name:Peters, birthdate:03/06/1982, medication:[], allergies:[]}, MedicalRecord{id:null, first name:'Ron', last name:Peters, birthdate:04/06/1965, medication:[], allergies:[]}, MedicalRecord{id:null, first name:'Allison', last name:Boyd, birthdate:03/15/1965, medication:["aznol:200mg"], allergies:["nillacilan"]}, MedicalRecord{id:null, first name:'Brian', last name:Stelzer, birthdate:12/06/1975, medication:["ibupurin:200mg", "hydrapermazol:400mg"], allergies:["nillacilan"]}, MedicalRecord{id:null, first name:'Shawna', last name:Stelzer, birthdate:07/08/1980, medication:[], allergies:[]}, MedicalRecord{id:null, first name:'Kendrik', last name:Stelzer, birthdate:03/06/2014, medication:["noxidian:100mg", "pharmacol:2500mg"], allergies:[]}, MedicalRecord{id:null, first name:'Clive', last name:Ferguson, birthdate:03/06/1994, medication:[], allergies:[]}, MedicalRecord{id:null, first name:'Eric', last name:Cadigan, birthdate:08/06/1945, medication:["tradoxidine:400mg"], allergies:[]}]
2023-11-24T14:45:25.867+01:00 DEBUG 26576 --- [main] c.s.a.c.JsonDataLoader                   : All datas medical records load from file
2023-11-24T14:45:25.867+01:00 DEBUG 26576 --- [main] c.s.a.s.d.PersonService                  : Adding person: John Boyd
2023-11-24T14:45:25.867+01:00  INFO 26576 --- [main] c.s.a.s.d.PersonService                  : Person added successfully: Person{id:John Boyd, first name:'John', last name:Boyd, address:1509 Culver St, zip:97451, city:Culver, phone:841-874-6512, email:jaboyd@email.com}
2023-11-24T14:45:25.867+01:00 DEBUG 26576 --- [main] c.s.a.s.d.PersonService                  : Adding person: Jacob Boyd
2023-11-24T14:45:25.868+01:00  INFO 26576 --- [main] c.s.a.s.d.PersonService                  : Person added successfully: Person{id:Jacob Boyd, first name:'Jacob', last name:Boyd, address:1509 Culver St, zip:97451, city:Culver, phone:841-874-6513, email:drk@email.com}
2023-11-24T14:45:25.868+01:00 DEBUG 26576 --- [main] c.s.a.s.d.PersonService                  : Adding person: Tenley Boyd
2023-11-24T14:45:25.868+01:00  INFO 26576 --- [main] c.s.a.s.d.PersonService                  : Person added successfully: Person{id:Tenley Boyd, first name:'Tenley', last name:Boyd, address:1509 Culver St, zip:97451, city:Culver, phone:841-874-6512, email:tenz@email.com}
2023-11-24T14:45:25.868+01:00 DEBUG 26576 --- [main] c.s.a.s.d.PersonService                  : Adding person: Roger Boyd
2023-11-24T14:45:25.868+01:00  INFO 26576 --- [main] c.s.a.s.d.PersonService                  : Person added successfully: Person{id:Roger Boyd, first name:'Roger', last name:Boyd, address:1509 Culver St, zip:97451, city:Culver, phone:841-874-6512, email:jaboyd@email.com}
2023-11-24T14:45:25.868+01:00 DEBUG 26576 --- [main] c.s.a.s.d.PersonService                  : Adding person: Felicia Boyd
2023-11-24T14:45:25.869+01:00  INFO 26576 --- [main] c.s.a.s.d.PersonService                  : Person added successfully: Person{id:Felicia Boyd, first name:'Felicia', last name:Boyd, address:1509 Culver St, zip:97451, city:Culver, phone:841-874-6544, email:jaboyd@email.com}
2023-11-24T14:45:25.869+01:00 DEBUG 26576 --- [main] c.s.a.s.d.PersonService                  : Adding person: Jonanathan Marrack
2023-11-24T14:45:25.870+01:00  INFO 26576 --- [main] c.s.a.s.d.PersonService                  : Person added successfully: Person{id:Jonanathan Marrack, first name:'Jonanathan', last name:Marrack, address:29 15th St, zip:97451, city:Culver, phone:841-874-6513, email:drk@email.com}
2023-11-24T14:45:25.870+01:00 DEBUG 26576 --- [main] c.s.a.s.d.PersonService                  : Adding person: Tessa Carman
2023-11-24T14:45:25.870+01:00  INFO 26576 --- [main] c.s.a.s.d.PersonService                  : Person added successfully: Person{id:Tessa Carman, first name:'Tessa', last name:Carman, address:834 Binoc Ave, zip:97451, city:Culver, phone:841-874-6512, email:tenz@email.com}
2023-11-24T14:45:25.870+01:00 DEBUG 26576 --- [main] c.s.a.s.d.PersonService                  : Adding person: Peter Duncan
2023-11-24T14:45:25.870+01:00  INFO 26576 --- [main] c.s.a.s.d.PersonService                  : Person added successfully: Person{id:Peter Duncan, first name:'Peter', last name:Duncan, address:644 Gershwin Cir, zip:97451, city:Culver, phone:841-874-6512, email:jaboyd@email.com}
2023-11-24T14:45:25.871+01:00 DEBUG 26576 --- [main] c.s.a.s.d.PersonService                  : Adding person: Foster Shepard
2023-11-24T14:45:25.871+01:00  INFO 26576 --- [main] c.s.a.s.d.PersonService                  : Person added successfully: Person{id:Foster Shepard, first name:'Foster', last name:Shepard, address:748 Townings Dr, zip:97451, city:Culver, phone:841-874-6544, email:jaboyd@email.com}
2023-11-24T14:45:25.871+01:00 DEBUG 26576 --- [main] c.s.a.s.d.PersonService                  : Adding person: Tony Cooper
2023-11-24T14:45:25.871+01:00  INFO 26576 --- [main] c.s.a.s.d.PersonService                  : Person added successfully: Person{id:Tony Cooper, first name:'Tony', last name:Cooper, address:112 Steppes Pl, zip:97451, city:Culver, phone:841-874-6874, email:tcoop@ymail.com}
2023-11-24T14:45:25.871+01:00 DEBUG 26576 --- [main] c.s.a.s.d.PersonService                  : Adding person: Lily Cooper
2023-11-24T14:45:25.871+01:00  INFO 26576 --- [main] c.s.a.s.d.PersonService                  : Person added successfully: Person{id:Lily Cooper, first name:'Lily', last name:Cooper, address:489 Manchester St, zip:97451, city:Culver, phone:841-874-9845, email:lily@email.com}
2023-11-24T14:45:25.871+01:00 DEBUG 26576 --- [main] c.s.a.s.d.PersonService                  : Adding person: Sophia Zemicks
2023-11-24T14:45:25.871+01:00  INFO 26576 --- [main] c.s.a.s.d.PersonService                  : Person added successfully: Person{id:Sophia Zemicks, first name:'Sophia', last name:Zemicks, address:892 Downing Ct, zip:97451, city:Culver, phone:841-874-7878, email:soph@email.com}
2023-11-24T14:45:25.872+01:00 DEBUG 26576 --- [main] c.s.a.s.d.PersonService                  : Adding person: Warren Zemicks
2023-11-24T14:45:25.872+01:00  INFO 26576 --- [main] c.s.a.s.d.PersonService                  : Person added successfully: Person{id:Warren Zemicks, first name:'Warren', last name:Zemicks, address:892 Downing Ct, zip:97451, city:Culver, phone:841-874-7512, email:ward@email.com}
2023-11-24T14:45:25.872+01:00 DEBUG 26576 --- [main] c.s.a.s.d.PersonService                  : Adding person: Zach Zemicks
2023-11-24T14:45:25.872+01:00  INFO 26576 --- [main] c.s.a.s.d.PersonService                  : Person added successfully: Person{id:Zach Zemicks, first name:'Zach', last name:Zemicks, address:892 Downing Ct, zip:97451, city:Culver, phone:841-874-7512, email:zarc@email.com}
2023-11-24T14:45:25.872+01:00 DEBUG 26576 --- [main] c.s.a.s.d.PersonService                  : Adding person: Reginold Walker
2023-11-24T14:45:25.872+01:00  INFO 26576 --- [main] c.s.a.s.d.PersonService                  : Person added successfully: Person{id:Reginold Walker, first name:'Reginold', last name:Walker, address:908 73rd St, zip:97451, city:Culver, phone:841-874-8547, email:reg@email.com}
2023-11-24T14:45:25.872+01:00 DEBUG 26576 --- [main] c.s.a.s.d.PersonService                  : Adding person: Jamie Peters
2023-11-24T14:45:25.872+01:00  INFO 26576 --- [main] c.s.a.s.d.PersonService                  : Person added successfully: Person{id:Jamie Peters, first name:'Jamie', last name:Peters, address:908 73rd St, zip:97451, city:Culver, phone:841-874-7462, email:jpeter@email.com}
2023-11-24T14:45:25.872+01:00 DEBUG 26576 --- [main] c.s.a.s.d.PersonService                  : Adding person: Ron Peters
2023-11-24T14:45:25.872+01:00  INFO 26576 --- [main] c.s.a.s.d.PersonService                  : Person added successfully: Person{id:Ron Peters, first name:'Ron', last name:Peters, address:112 Steppes Pl, zip:97451, city:Culver, phone:841-874-8888, email:jpeter@email.com}
2023-11-24T14:45:25.872+01:00 DEBUG 26576 --- [main] c.s.a.s.d.PersonService                  : Adding person: Allison Boyd
2023-11-24T14:45:25.873+01:00  INFO 26576 --- [main] c.s.a.s.d.PersonService                  : Person added successfully: Person{id:Allison Boyd, first name:'Allison', last name:Boyd, address:112 Steppes Pl, zip:97451, city:Culver, phone:841-874-9888, email:aly@imail.com}
2023-11-24T14:45:25.873+01:00 DEBUG 26576 --- [main] c.s.a.s.d.PersonService                  : Adding person: Brian Stelzer
2023-11-24T14:45:25.873+01:00  INFO 26576 --- [main] c.s.a.s.d.PersonService                  : Person added successfully: Person{id:Brian Stelzer, first name:'Brian', last name:Stelzer, address:947 E. Rose Dr, zip:97451, city:Culver, phone:841-874-7784, email:bstel@email.com}
2023-11-24T14:45:25.874+01:00 DEBUG 26576 --- [main] c.s.a.s.d.PersonService                  : Adding person: Shawna Stelzer
2023-11-24T14:45:25.874+01:00  INFO 26576 --- [main] c.s.a.s.d.PersonService                  : Person added successfully: Person{id:Shawna Stelzer, first name:'Shawna', last name:Stelzer, address:947 E. Rose Dr, zip:97451, city:Culver, phone:841-874-7784, email:ssanw@email.com}
2023-11-24T14:45:25.874+01:00 DEBUG 26576 --- [main] c.s.a.s.d.PersonService                  : Adding person: Kendrik Stelzer
2023-11-24T14:45:25.874+01:00  INFO 26576 --- [main] c.s.a.s.d.PersonService                  : Person added successfully: Person{id:Kendrik Stelzer, first name:'Kendrik', last name:Stelzer, address:947 E. Rose Dr, zip:97451, city:Culver, phone:841-874-7784, email:bstel@email.com}
2023-11-24T14:45:25.874+01:00 DEBUG 26576 --- [main] c.s.a.s.d.PersonService                  : Adding person: Clive Ferguson
2023-11-24T14:45:25.874+01:00  INFO 26576 --- [main] c.s.a.s.d.PersonService                  : Person added successfully: Person{id:Clive Ferguson, first name:'Clive', last name:Ferguson, address:748 Townings Dr, zip:97451, city:Culver, phone:841-874-6741, email:clivfd@ymail.com}
2023-11-24T14:45:25.874+01:00 DEBUG 26576 --- [main] c.s.a.s.d.PersonService                  : Adding person: Eric Cadigan
2023-11-24T14:45:25.874+01:00  INFO 26576 --- [main] c.s.a.s.d.PersonService                  : Person added successfully: Person{id:Eric Cadigan, first name:'Eric', last name:Cadigan, address:951 LoneTree Rd, zip:97451, city:Culver, phone:841-874-7458, email:gramps@email.com}
2023-11-24T14:45:25.874+01:00 DEBUG 26576 --- [main] c.s.a.s.d.FireStationService             : Adding FireStation: 3 1509 Culver St
2023-11-24T14:45:25.874+01:00 DEBUG 26576 --- [main] c.s.a.s.d.FireStationService             : Generating id for firestation created  : FireStation{id:null, stationnumber:'3', address:1509 Culver St}
2023-11-24T14:45:25.875+01:00 DEBUG 26576 --- [main] c.s.a.s.d.FireStationService             : Id : 1509-3-73 generated successfully for firestation created  : FireStation{id:1509-3-73, stationnumber:'3', address:1509 Culver St}
2023-11-24T14:45:25.875+01:00  INFO 26576 --- [main] c.s.a.s.d.FireStationService             : FireStation added successfully: FireStation{id:1509-3-73, stationnumber:'3', address:1509 Culver St}
2023-11-24T14:45:25.875+01:00 DEBUG 26576 --- [main] c.s.a.s.d.FireStationService             : Adding FireStation: 2 29 15th St
2023-11-24T14:45:25.875+01:00 DEBUG 26576 --- [main] c.s.a.s.d.FireStationService             : Generating id for firestation created  : FireStation{id:null, stationnumber:'2', address:29 15th St}
2023-11-24T14:45:25.875+01:00 DEBUG 26576 --- [main] c.s.a.s.d.FireStationService             : Id : 29-2-7 generated successfully for firestation created  : FireStation{id:29-2-7, stationnumber:'2', address:29 15th St}
2023-11-24T14:45:25.875+01:00  INFO 26576 --- [main] c.s.a.s.d.FireStationService             : FireStation added successfully: FireStation{id:29-2-7, stationnumber:'2', address:29 15th St}
2023-11-24T14:45:25.875+01:00 DEBUG 26576 --- [main] c.s.a.s.d.FireStationService             : Adding FireStation: 3 834 Binoc Ave
2023-11-24T14:45:25.875+01:00 DEBUG 26576 --- [main] c.s.a.s.d.FireStationService             : Generating id for firestation created  : FireStation{id:null, stationnumber:'3', address:834 Binoc Ave}
2023-11-24T14:45:25.875+01:00 DEBUG 26576 --- [main] c.s.a.s.d.FireStationService             : Id : 834-3-48 generated successfully for firestation created  : FireStation{id:834-3-48, stationnumber:'3', address:834 Binoc Ave}
2023-11-24T14:45:25.875+01:00  INFO 26576 --- [main] c.s.a.s.d.FireStationService             : FireStation added successfully: FireStation{id:834-3-48, stationnumber:'3', address:834 Binoc Ave}
2023-11-24T14:45:25.875+01:00 DEBUG 26576 --- [main] c.s.a.s.d.FireStationService             : Adding FireStation: 1 644 Gershwin Cir
2023-11-24T14:45:25.876+01:00 DEBUG 26576 --- [main] c.s.a.s.d.FireStationService             : Generating id for firestation created  : FireStation{id:null, stationnumber:'1', address:644 Gershwin Cir}
2023-11-24T14:45:25.876+01:00 DEBUG 26576 --- [main] c.s.a.s.d.FireStationService             : Id : 644-1-64 generated successfully for firestation created  : FireStation{id:644-1-64, stationnumber:'1', address:644 Gershwin Cir}
2023-11-24T14:45:25.876+01:00  INFO 26576 --- [main] c.s.a.s.d.FireStationService             : FireStation added successfully: FireStation{id:644-1-64, stationnumber:'1', address:644 Gershwin Cir}
2023-11-24T14:45:25.876+01:00 DEBUG 26576 --- [main] c.s.a.s.d.FireStationService             : Adding FireStation: 3 748 Townings Dr
2023-11-24T14:45:25.876+01:00 DEBUG 26576 --- [main] c.s.a.s.d.FireStationService             : Generating id for firestation created  : FireStation{id:null, stationnumber:'3', address:748 Townings Dr}
2023-11-24T14:45:25.876+01:00 DEBUG 26576 --- [main] c.s.a.s.d.FireStationService             : Id : 748-3-28 generated successfully for firestation created  : FireStation{id:748-3-28, stationnumber:'3', address:748 Townings Dr}
2023-11-24T14:45:25.876+01:00  INFO 26576 --- [main] c.s.a.s.d.FireStationService             : FireStation added successfully: FireStation{id:748-3-28, stationnumber:'3', address:748 Townings Dr}
2023-11-24T14:45:25.876+01:00 DEBUG 26576 --- [main] c.s.a.s.d.FireStationService             : Adding FireStation: 3 112 Steppes Pl
2023-11-24T14:45:25.876+01:00 DEBUG 26576 --- [main] c.s.a.s.d.FireStationService             : Generating id for firestation created  : FireStation{id:null, stationnumber:'3', address:112 Steppes Pl}
2023-11-24T14:45:25.876+01:00 DEBUG 26576 --- [main] c.s.a.s.d.FireStationService             : Id : 112-3-38 generated successfully for firestation created  : FireStation{id:112-3-38, stationnumber:'3', address:112 Steppes Pl}
2023-11-24T14:45:25.876+01:00  INFO 26576 --- [main] c.s.a.s.d.FireStationService             : FireStation added successfully: FireStation{id:112-3-38, stationnumber:'3', address:112 Steppes Pl}
2023-11-24T14:45:25.876+01:00 DEBUG 26576 --- [main] c.s.a.s.d.FireStationService             : Adding FireStation: 4 489 Manchester St
2023-11-24T14:45:25.877+01:00 DEBUG 26576 --- [main] c.s.a.s.d.FireStationService             : Generating id for firestation created  : FireStation{id:null, stationnumber:'4', address:489 Manchester St}
2023-11-24T14:45:25.877+01:00 DEBUG 26576 --- [main] c.s.a.s.d.FireStationService             : Id : 489-4-64 generated successfully for firestation created  : FireStation{id:489-4-64, stationnumber:'4', address:489 Manchester St}
2023-11-24T14:45:25.877+01:00  INFO 26576 --- [main] c.s.a.s.d.FireStationService             : FireStation added successfully: FireStation{id:489-4-64, stationnumber:'4', address:489 Manchester St}
2023-11-24T14:45:25.877+01:00 DEBUG 26576 --- [main] c.s.a.s.d.FireStationService             : Adding FireStation: 2 892 Downing Ct
2023-11-24T14:45:25.877+01:00 DEBUG 26576 --- [main] c.s.a.s.d.FireStationService             : Generating id for firestation created  : FireStation{id:null, stationnumber:'2', address:892 Downing Ct}
2023-11-24T14:45:25.878+01:00 DEBUG 26576 --- [main] c.s.a.s.d.FireStationService             : Id : 892-2-29 generated successfully for firestation created  : FireStation{id:892-2-29, stationnumber:'2', address:892 Downing Ct}
2023-11-24T14:45:25.878+01:00  INFO 26576 --- [main] c.s.a.s.d.FireStationService             : FireStation added successfully: FireStation{id:892-2-29, stationnumber:'2', address:892 Downing Ct}
2023-11-24T14:45:25.878+01:00 DEBUG 26576 --- [main] c.s.a.s.d.FireStationService             : Adding FireStation: 1 908 73rd St
2023-11-24T14:45:25.878+01:00 DEBUG 26576 --- [main] c.s.a.s.d.FireStationService             : Generating id for firestation created  : FireStation{id:null, stationnumber:'1', address:908 73rd St}
2023-11-24T14:45:25.878+01:00 DEBUG 26576 --- [main] c.s.a.s.d.FireStationService             : Id : 908-1-40 generated successfully for firestation created  : FireStation{id:908-1-40, stationnumber:'1', address:908 73rd St}
2023-11-24T14:45:25.878+01:00  INFO 26576 --- [main] c.s.a.s.d.FireStationService             : FireStation added successfully: FireStation{id:908-1-40, stationnumber:'1', address:908 73rd St}
2023-11-24T14:45:25.878+01:00 DEBUG 26576 --- [main] c.s.a.s.d.FireStationService             : Adding FireStation: 4 112 Steppes Pl
2023-11-24T14:45:25.878+01:00 ERROR 26576 --- [main] c.s.a.s.d.FireStationService             : Failed to add this firestation, this firestation already existFireStation{id:null, stationnumber:'4', address:112 Steppes Pl}
2023-11-24T14:45:25.878+01:00 DEBUG 26576 --- [main] c.s.a.s.d.FireStationService             : Adding FireStation: 1 947 E. Rose Dr
2023-11-24T14:45:25.878+01:00 DEBUG 26576 --- [main] c.s.a.s.d.FireStationService             : Generating id for firestation created  : FireStation{id:null, stationnumber:'1', address:947 E. Rose Dr}
2023-11-24T14:45:25.878+01:00 DEBUG 26576 --- [main] c.s.a.s.d.FireStationService             : Id : 947-1-85 generated successfully for firestation created  : FireStation{id:947-1-85, stationnumber:'1', address:947 E. Rose Dr}
2023-11-24T14:45:25.879+01:00  INFO 26576 --- [main] c.s.a.s.d.FireStationService             : FireStation added successfully: FireStation{id:947-1-85, stationnumber:'1', address:947 E. Rose Dr}
2023-11-24T14:45:25.879+01:00 DEBUG 26576 --- [main] c.s.a.s.d.FireStationService             : Adding FireStation: 3 748 Townings Dr
2023-11-24T14:45:25.879+01:00 ERROR 26576 --- [main] c.s.a.s.d.FireStationService             : Failed to add this firestation, this firestation already existFireStation{id:null, stationnumber:'3', address:748 Townings Dr}
2023-11-24T14:45:25.879+01:00 DEBUG 26576 --- [main] c.s.a.s.d.FireStationService             : Adding FireStation: 2 951 LoneTree Rd
2023-11-24T14:45:25.879+01:00 DEBUG 26576 --- [main] c.s.a.s.d.FireStationService             : Generating id for firestation created  : FireStation{id:null, stationnumber:'2', address:951 LoneTree Rd}
2023-11-24T14:45:25.879+01:00 DEBUG 26576 --- [main] c.s.a.s.d.FireStationService             : Id : 951-2-30 generated successfully for firestation created  : FireStation{id:951-2-30, stationnumber:'2', address:951 LoneTree Rd}
2023-11-24T14:45:25.879+01:00  INFO 26576 --- [main] c.s.a.s.d.FireStationService             : FireStation added successfully: FireStation{id:951-2-30, stationnumber:'2', address:951 LoneTree Rd}
2023-11-24T14:45:25.879+01:00 DEBUG 26576 --- [main] c.s.a.s.d.MedicalRecordService           : Adding medical record: John Boyd
2023-11-24T14:45:25.880+01:00  INFO 26576 --- [main] c.s.a.s.d.MedicalRecordService           : Medical record added successfully: MedicalRecord{id:John Boyd, first name:'John', last name:Boyd, birthdate:03/06/1984, medication:["aznol:350mg", "hydrapermazol:100mg"], allergies:["nillacilan"]}
2023-11-24T14:45:25.880+01:00 DEBUG 26576 --- [main] c.s.a.s.d.MedicalRecordService           : Adding medical record: Jacob Boyd
2023-11-24T14:45:25.880+01:00  INFO 26576 --- [main] c.s.a.s.d.MedicalRecordService           : Medical record added successfully: MedicalRecord{id:Jacob Boyd, first name:'Jacob', last name:Boyd, birthdate:03/06/1989, medication:["pharmacol:5000mg", "terazine:10mg", "noznazol:250mg"], allergies:[]}
2023-11-24T14:45:25.880+01:00 DEBUG 26576 --- [main] c.s.a.s.d.MedicalRecordService           : Adding medical record: Tenley Boyd
2023-11-24T14:45:25.881+01:00  INFO 26576 --- [main] c.s.a.s.d.MedicalRecordService           : Medical record added successfully: MedicalRecord{id:Tenley Boyd, first name:'Tenley', last name:Boyd, birthdate:02/18/2012, medication:[], allergies:["peanut"]}
2023-11-24T14:45:25.881+01:00 DEBUG 26576 --- [main] c.s.a.s.d.MedicalRecordService           : Adding medical record: Roger Boyd
2023-11-24T14:45:25.881+01:00  INFO 26576 --- [main] c.s.a.s.d.MedicalRecordService           : Medical record added successfully: MedicalRecord{id:Roger Boyd, first name:'Roger', last name:Boyd, birthdate:09/06/2017, medication:[], allergies:[]}
2023-11-24T14:45:25.881+01:00 DEBUG 26576 --- [main] c.s.a.s.d.MedicalRecordService           : Adding medical record: Felicia Boyd
2023-11-24T14:45:25.881+01:00  INFO 26576 --- [main] c.s.a.s.d.MedicalRecordService           : Medical record added successfully: MedicalRecord{id:Felicia Boyd, first name:'Felicia', last name:Boyd, birthdate:01/08/1986, medication:["tetracyclaz:650mg"], allergies:["xilliathal"]}
2023-11-24T14:45:25.881+01:00 DEBUG 26576 --- [main] c.s.a.s.d.MedicalRecordService           : Adding medical record: Jonanathan Marrack
2023-11-24T14:45:25.881+01:00  INFO 26576 --- [main] c.s.a.s.d.MedicalRecordService           : Medical record added successfully: MedicalRecord{id:Jonanathan Marrack, first name:'Jonanathan', last name:Marrack, birthdate:01/03/1989, medication:[], allergies:[]}
2023-11-24T14:45:25.881+01:00 DEBUG 26576 --- [main] c.s.a.s.d.MedicalRecordService           : Adding medical record: Tessa Carman
2023-11-24T14:45:25.881+01:00  INFO 26576 --- [main] c.s.a.s.d.MedicalRecordService           : Medical record added successfully: MedicalRecord{id:Tessa Carman, first name:'Tessa', last name:Carman, birthdate:02/18/2012, medication:[], allergies:[]}
2023-11-24T14:45:25.881+01:00 DEBUG 26576 --- [main] c.s.a.s.d.MedicalRecordService           : Adding medical record: Peter Duncan
2023-11-24T14:45:25.881+01:00  INFO 26576 --- [main] c.s.a.s.d.MedicalRecordService           : Medical record added successfully: MedicalRecord{id:Peter Duncan, first name:'Peter', last name:Duncan, birthdate:09/06/2000, medication:[], allergies:["shellfish"]}
2023-11-24T14:45:25.881+01:00 DEBUG 26576 --- [main] c.s.a.s.d.MedicalRecordService           : Adding medical record: Foster Shepard
2023-11-24T14:45:25.882+01:00  INFO 26576 --- [main] c.s.a.s.d.MedicalRecordService           : Medical record added successfully: MedicalRecord{id:Foster Shepard, first name:'Foster', last name:Shepard, birthdate:01/08/1980, medication:[], allergies:[]}
2023-11-24T14:45:25.882+01:00 DEBUG 26576 --- [main] c.s.a.s.d.MedicalRecordService           : Adding medical record: Tony Cooper
2023-11-24T14:45:25.882+01:00  INFO 26576 --- [main] c.s.a.s.d.MedicalRecordService           : Medical record added successfully: MedicalRecord{id:Tony Cooper, first name:'Tony', last name:Cooper, birthdate:03/06/1994, medication:["hydrapermazol:300mg", "dodoxadin:30mg"], allergies:["shellfish"]}
2023-11-24T14:45:25.882+01:00 DEBUG 26576 --- [main] c.s.a.s.d.MedicalRecordService           : Adding medical record: Lily Cooper
2023-11-24T14:45:25.882+01:00  INFO 26576 --- [main] c.s.a.s.d.MedicalRecordService           : Medical record added successfully: MedicalRecord{id:Lily Cooper, first name:'Lily', last name:Cooper, birthdate:03/06/1994, medication:[], allergies:[]}
2023-11-24T14:45:25.882+01:00 DEBUG 26576 --- [main] c.s.a.s.d.MedicalRecordService           : Adding medical record: Sophia Zemicks
2023-11-24T14:45:25.882+01:00  INFO 26576 --- [main] c.s.a.s.d.MedicalRecordService           : Medical record added successfully: MedicalRecord{id:Sophia Zemicks, first name:'Sophia', last name:Zemicks, birthdate:03/06/1988, medication:["aznol:60mg", "hydrapermazol:900mg", "pharmacol:5000mg", "terazine:500mg"], allergies:["peanut", "shellfish", "aznol"]}
2023-11-24T14:45:25.882+01:00 DEBUG 26576 --- [main] c.s.a.s.d.MedicalRecordService           : Adding medical record: Warren Zemicks
2023-11-24T14:45:25.882+01:00  INFO 26576 --- [main] c.s.a.s.d.MedicalRecordService           : Medical record added successfully: MedicalRecord{id:Warren Zemicks, first name:'Warren', last name:Zemicks, birthdate:03/06/1985, medication:[], allergies:[]}
2023-11-24T14:45:25.882+01:00 DEBUG 26576 --- [main] c.s.a.s.d.MedicalRecordService           : Adding medical record: Zach Zemicks
2023-11-24T14:45:25.882+01:00  INFO 26576 --- [main] c.s.a.s.d.MedicalRecordService           : Medical record added successfully: MedicalRecord{id:Zach Zemicks, first name:'Zach', last name:Zemicks, birthdate:03/06/2017, medication:[], allergies:[]}
2023-11-24T14:45:25.882+01:00 DEBUG 26576 --- [main] c.s.a.s.d.MedicalRecordService           : Adding medical record: Reginold Walker
2023-11-24T14:45:25.882+01:00  INFO 26576 --- [main] c.s.a.s.d.MedicalRecordService           : Medical record added successfully: MedicalRecord{id:Reginold Walker, first name:'Reginold', last name:Walker, birthdate:08/30/1979, medication:["thradox:700mg"], allergies:["illisoxian"]}
2023-11-24T14:45:25.882+01:00 DEBUG 26576 --- [main] c.s.a.s.d.MedicalRecordService           : Adding medical record: Jamie Peters
2023-11-24T14:45:25.882+01:00  INFO 26576 --- [main] c.s.a.s.d.MedicalRecordService           : Medical record added successfully: MedicalRecord{id:Jamie Peters, first name:'Jamie', last name:Peters, birthdate:03/06/1982, medication:[], allergies:[]}
2023-11-24T14:45:25.883+01:00 DEBUG 26576 --- [main] c.s.a.s.d.MedicalRecordService           : Adding medical record: Ron Peters
2023-11-24T14:45:25.883+01:00  INFO 26576 --- [main] c.s.a.s.d.MedicalRecordService           : Medical record added successfully: MedicalRecord{id:Ron Peters, first name:'Ron', last name:Peters, birthdate:04/06/1965, medication:[], allergies:[]}
2023-11-24T14:45:25.883+01:00 DEBUG 26576 --- [main] c.s.a.s.d.MedicalRecordService           : Adding medical record: Allison Boyd
2023-11-24T14:45:25.884+01:00  INFO 26576 --- [main] c.s.a.s.d.MedicalRecordService           : Medical record added successfully: MedicalRecord{id:Allison Boyd, first name:'Allison', last name:Boyd, birthdate:03/15/1965, medication:["aznol:200mg"], allergies:["nillacilan"]}
2023-11-24T14:45:25.884+01:00 DEBUG 26576 --- [main] c.s.a.s.d.MedicalRecordService           : Adding medical record: Brian Stelzer
2023-11-24T14:45:25.884+01:00  INFO 26576 --- [main] c.s.a.s.d.MedicalRecordService           : Medical record added successfully: MedicalRecord{id:Brian Stelzer, first name:'Brian', last name:Stelzer, birthdate:12/06/1975, medication:["ibupurin:200mg", "hydrapermazol:400mg"], allergies:["nillacilan"]}
2023-11-24T14:45:25.884+01:00 DEBUG 26576 --- [main] c.s.a.s.d.MedicalRecordService           : Adding medical record: Shawna Stelzer
2023-11-24T14:45:25.884+01:00  INFO 26576 --- [main] c.s.a.s.d.MedicalRecordService           : Medical record added successfully: MedicalRecord{id:Shawna Stelzer, first name:'Shawna', last name:Stelzer, birthdate:07/08/1980, medication:[], allergies:[]}
2023-11-24T14:45:25.884+01:00 DEBUG 26576 --- [main] c.s.a.s.d.MedicalRecordService           : Adding medical record: Kendrik Stelzer
2023-11-24T14:45:25.885+01:00  INFO 26576 --- [main] c.s.a.s.d.MedicalRecordService           : Medical record added successfully: MedicalRecord{id:Kendrik Stelzer, first name:'Kendrik', last name:Stelzer, birthdate:03/06/2014, medication:["noxidian:100mg", "pharmacol:2500mg"], allergies:[]}
2023-11-24T14:45:25.885+01:00 DEBUG 26576 --- [main] c.s.a.s.d.MedicalRecordService           : Adding medical record: Clive Ferguson
2023-11-24T14:45:25.885+01:00  INFO 26576 --- [main] c.s.a.s.d.MedicalRecordService           : Medical record added successfully: MedicalRecord{id:Clive Ferguson, first name:'Clive', last name:Ferguson, birthdate:03/06/1994, medication:[], allergies:[]}
2023-11-24T14:45:25.885+01:00 DEBUG 26576 --- [main] c.s.a.s.d.MedicalRecordService           : Adding medical record: Eric Cadigan
2023-11-24T14:45:25.885+01:00  INFO 26576 --- [main] c.s.a.s.d.MedicalRecordService           : Medical record added successfully: MedicalRecord{id:Eric Cadigan, first name:'Eric', last name:Cadigan, birthdate:08/06/1945, medication:["tradoxidine:400mg"], allergies:[]}
